digest-bakeoff: 4 projects × 6 configs × 3 samples = 72 cells
projects: knowmarks, fctry, orchestrator, ensemble
configs: glm-4.7-flash@t0.2, glm-4.7-flash@t0.0, flash-lite@t0.0, flash@t0.0, glm-4.7-flash@t0.0+propernoun, glm-4.7-flash@t0.0+canary
--resume: existing cell JSONs will be reused
[1/72] knowmarks / glm-4.7-flash@t0.2 / s1 ... ERR (glm-4.7-flash@t0.2 returned empty content (finish=length, reasoning=27970 chars))
[2/72] fctry / glm-4.7-flash@t0.2 / s1 ... recall=80.0% tokens=500 in_range (49.5s)
[3/72] orchestrator / glm-4.7-flash@t0.2 / s1 ... recall=100.0% tokens=571 in_range (49.6s)
[4/72] ensemble / glm-4.7-flash@t0.2 / s1 ... recall=80.0% tokens=489 under (82.2s)
[5/72] knowmarks / glm-4.7-flash@t0.2 / s2 ... recall=80.0% tokens=539 in_range (103.0s)
[6/72] fctry / glm-4.7-flash@t0.2 / s2 ... recall=90.0% tokens=682 in_range (34.4s)
[7/72] orchestrator / glm-4.7-flash@t0.2 / s2 ... recall=90.0% tokens=848 over_target (72.9s)
[8/72] ensemble / glm-4.7-flash@t0.2 / s2 ... recall=90.0% tokens=352 under (122.3s)
[9/72] knowmarks / glm-4.7-flash@t0.2 / s3 ... ERR (glm-4.7-flash@t0.2 returned empty content (finish=length, reasoning=28160 chars))
[10/72] fctry / glm-4.7-flash@t0.2 / s3 ... recall=60.0% tokens=473 under (21.9s)
[11/72] orchestrator / glm-4.7-flash@t0.2 / s3 ... recall=90.0% tokens=672 in_range (67.7s)
[12/72] ensemble / glm-4.7-flash@t0.2 / s3 ... ERR (glm-4.7-flash@t0.2 returned empty content (finish=length, reasoning=28285 chars))
[13/72] knowmarks / glm-4.7-flash@t0.0 / s1 ... recall=100.0% tokens=496 under (82.0s)
[14/72] fctry / glm-4.7-flash@t0.0 / s1 ... recall=50.0% tokens=564 in_range (66.7s)
[15/72] orchestrator / glm-4.7-flash@t0.0 / s1 ... recall=80.0% tokens=544 in_range (66.4s)
[16/72] ensemble / glm-4.7-flash@t0.0 / s1 ... recall=90.0% tokens=570 in_range (50.8s)
[17/72] knowmarks / glm-4.7-flash@t0.0 / s2 ... recall=70.0% tokens=635 in_range (122.0s)
[18/72] fctry / glm-4.7-flash@t0.0 / s2 ... recall=90.0% tokens=388 under (23.8s)
[19/72] orchestrator / glm-4.7-flash@t0.0 / s2 ... recall=90.0% tokens=725 in_range (22.9s)
[20/72] ensemble / glm-4.7-flash@t0.0 / s2 ... recall=90.0% tokens=367 under (110.1s)
[21/72] knowmarks / glm-4.7-flash@t0.0 / s3 ... recall=70.0% tokens=624 in_range (82.8s)
[22/72] fctry / glm-4.7-flash@t0.0 / s3 ... recall=80.0% tokens=494 under (37.3s)
[23/72] orchestrator / glm-4.7-flash@t0.0 / s3 ... recall=90.0% tokens=860 over_target (25.9s)
[24/72] ensemble / glm-4.7-flash@t0.0 / s3 ... recall=100.0% tokens=581 in_range (76.2s)
[25/72] knowmarks / flash-lite@t0.0 / s1 ... recall=80.0% tokens=421 under (3.6s)
[26/72] fctry / flash-lite@t0.0 / s1 ... recall=90.0% tokens=7631 over_ceiling (20.7s)
[27/72] orchestrator / flash-lite@t0.0 / s1 ... recall=90.0% tokens=1596 over_ceiling (5.7s)
[28/72] ensemble / flash-lite@t0.0 / s1 ... recall=100.0% tokens=1180 over_target (4.7s)
[29/72] knowmarks / flash-lite@t0.0 / s2 ... recall=80.0% tokens=421 under (3.5s)
[30/72] fctry / flash-lite@t0.0 / s2 ... recall=90.0% tokens=7631 over_ceiling (20.5s)
[31/72] orchestrator / flash-lite@t0.0 / s2 ... recall=90.0% tokens=1596 over_ceiling (5.8s)
[32/72] ensemble / flash-lite@t0.0 / s2 ... recall=100.0% tokens=1180 over_target (4.4s)
[33/72] knowmarks / flash-lite@t0.0 / s3 ... recall=80.0% tokens=421 under (2.6s)
[34/72] fctry / flash-lite@t0.0 / s3 ... recall=80.0% tokens=4066 over_ceiling (13.4s)
[35/72] orchestrator / flash-lite@t0.0 / s3 ... recall=90.0% tokens=1596 over_ceiling (5.2s)
[36/72] ensemble / flash-lite@t0.0 / s3 ... recall=100.0% tokens=1180 over_target (4.5s)
[37/72] knowmarks / flash@t0.0 / s1 ... recall=80.0% tokens=771 in_range (6.1s)
[38/72] fctry / flash@t0.0 / s1 ... recall=50.0% tokens=865 over_target (8.5s)
[39/72] orchestrator / flash@t0.0 / s1 ... recall=100.0% tokens=927 over_target (6.0s)
[40/72] ensemble / flash@t0.0 / s1 ... recall=90.0% tokens=847 over_target (5.5s)
[41/72] knowmarks / flash@t0.0 / s2 ... recall=80.0% tokens=771 in_range (6.0s)
[42/72] fctry / flash@t0.0 / s2 ... recall=40.0% tokens=1048 over_target (11.5s)
[43/72] orchestrator / flash@t0.0 / s2 ... recall=100.0% tokens=771 in_range (3.8s)
[44/72] ensemble / flash@t0.0 / s2 ... recall=90.0% tokens=847 over_target (6.4s)
[45/72] knowmarks / flash@t0.0 / s3 ... recall=90.0% tokens=878 over_target (5.8s)
[46/72] fctry / flash@t0.0 / s3 ... recall=50.0% tokens=865 over_target (10.5s)
[47/72] orchestrator / flash@t0.0 / s3 ... recall=100.0% tokens=813 over_target (6.5s)
[48/72] ensemble / flash@t0.0 / s3 ... recall=90.0% tokens=1195 over_target (7.7s)
[49/72] knowmarks / glm-4.7-flash@t0.0+propernoun / s1 ... recall=100.0% tokens=672 in_range (120.4s)
[50/72] fctry / glm-4.7-flash@t0.0+propernoun / s1 ... recall=60.0% tokens=611 in_range (79.1s)
[51/72] orchestrator / glm-4.7-flash@t0.0+propernoun / s1 ... recall=80.0% tokens=382 under (32.2s)
[52/72] ensemble / glm-4.7-flash@t0.0+propernoun / s1 ... recall=100.0% tokens=796 in_range (49.4s)
[53/72] knowmarks / glm-4.7-flash@t0.0+propernoun / s2 ... recall=100.0% tokens=601 in_range (117.5s)
[54/72] fctry / glm-4.7-flash@t0.0+propernoun / s2 ... recall=40.0% tokens=342 under (25.1s)
[55/72] orchestrator / glm-4.7-flash@t0.0+propernoun / s2 ... recall=90.0% tokens=671 in_range (15.0s)
[56/72] ensemble / glm-4.7-flash@t0.0+propernoun / s2 ... recall=90.0% tokens=603 in_range (47.4s)
[57/72] knowmarks / glm-4.7-flash@t0.0+propernoun / s3 ... recall=100.0% tokens=666 in_range (118.1s)
[58/72] fctry / glm-4.7-flash@t0.0+propernoun / s3 ... recall=80.0% tokens=804 over_target (47.3s)
[59/72] orchestrator / glm-4.7-flash@t0.0+propernoun / s3 ... recall=80.0% tokens=655 in_range (21.1s)
[60/72] ensemble / glm-4.7-flash@t0.0+propernoun / s3 ... recall=90.0% tokens=897 over_target (33.9s)
[61/72] knowmarks / glm-4.7-flash@t0.0+canary / s1 ... recall=100.0% tokens=797 in_range (45.5s)
[62/72] fctry / glm-4.7-flash@t0.0+canary / s1 ... ERR (glm-4.7-flash@t0.0+canary returned empty content (finish=length, reasoning=23241)
[63/72] orchestrator / glm-4.7-flash@t0.0+canary / s1 ... recall=70.0% tokens=707 in_range (53.7s)
[64/72] ensemble / glm-4.7-flash@t0.0+canary / s1 ... ERR (glm-4.7-flash@t0.0+canary returned empty content (finish=length, reasoning=23604)
[65/72] knowmarks / glm-4.7-flash@t0.0+canary / s2 ... recall=90.0% tokens=884 over_target (73.6s)
[66/72] fctry / glm-4.7-flash@t0.0+canary / s2 ... ERR (glm-4.7-flash@t0.0+canary returned empty content (finish=length, reasoning=31617)
[67/72] orchestrator / glm-4.7-flash@t0.0+canary / s2 ... ERR (glm-4.7-flash@t0.0+canary returned empty content (finish=unknown, reasoning=3734)
[68/72] ensemble / glm-4.7-flash@t0.0+canary / s2 ... recall=70.0% tokens=669 in_range (64.1s)
[69/72] knowmarks / glm-4.7-flash@t0.0+canary / s3 ... recall=100.0% tokens=837 over_target (70.2s)
[70/72] fctry / glm-4.7-flash@t0.0+canary / s3 ... ERR (glm-4.7-flash@t0.0+canary returned empty content (finish=length, reasoning=29772)
[71/72] orchestrator / glm-4.7-flash@t0.0+canary / s3 ... recall=90.0% tokens=596 in_range (26.1s)
[72/72] ensemble / glm-4.7-flash@t0.0+canary / s3 ... recall=80.0% tokens=594 in_range (57.4s)

report → /Users/mike/Code/setlist/scripts/digest-bakeoff-results.md

Per-config recall summary:
  glm-4.7-flash@t0.2     [PROD]  recall μ=63.3% σ=39.4pp errors=3
  glm-4.7-flash@t0.0             recall μ=83.3% σ=14.4pp errors=0
  flash-lite@t0.0                recall μ=89.2% σ=7.9pp errors=0
  flash@t0.0                     recall μ=80.0% σ=21.3pp errors=0
  glm-4.7-flash@t0.0+propernoun         recall μ=84.2% σ=18.3pp errors=0
  glm-4.7-flash@t0.0+canary         recall μ=50.0% σ=45.1pp errors=5
