digest-bakeoff: 4 projects × 4 configs × 3 samples = 48 cells
projects: knowmarks, fctry, orchestrator, ensemble
configs: glm-4.7-flash@t0.2, glm-4.7-flash@t0.0, flash-lite@t0.0, flash@t0.0
[1/48] knowmarks / glm-4.7-flash@t0.2 / s1 ... ERR (glm-4.7-flash@t0.2 returned empty content (finish=length, reasoning=27970 chars))
[2/48] fctry / glm-4.7-flash@t0.2 / s1 ... recall=80.0% tokens=500 in_range (49.5s)
[3/48] orchestrator / glm-4.7-flash@t0.2 / s1 ... recall=100.0% tokens=571 in_range (49.6s)
[4/48] ensemble / glm-4.7-flash@t0.2 / s1 ... recall=80.0% tokens=489 under (82.2s)
[5/48] knowmarks / glm-4.7-flash@t0.2 / s2 ... recall=80.0% tokens=539 in_range (103.0s)
[6/48] fctry / glm-4.7-flash@t0.2 / s2 ... recall=90.0% tokens=682 in_range (34.4s)
[7/48] orchestrator / glm-4.7-flash@t0.2 / s2 ... recall=90.0% tokens=848 over_target (72.9s)
[8/48] ensemble / glm-4.7-flash@t0.2 / s2 ... recall=90.0% tokens=352 under (122.3s)
[9/48] knowmarks / glm-4.7-flash@t0.2 / s3 ... ERR (glm-4.7-flash@t0.2 returned empty content (finish=length, reasoning=28160 chars))
[10/48] fctry / glm-4.7-flash@t0.2 / s3 ... recall=60.0% tokens=473 under (21.9s)
[11/48] orchestrator / glm-4.7-flash@t0.2 / s3 ... recall=90.0% tokens=672 in_range (67.7s)
[12/48] ensemble / glm-4.7-flash@t0.2 / s3 ... ERR (glm-4.7-flash@t0.2 returned empty content (finish=length, reasoning=28285 chars))
[13/48] knowmarks / glm-4.7-flash@t0.0 / s1 ... recall=100.0% tokens=496 under (82.0s)
[14/48] fctry / glm-4.7-flash@t0.0 / s1 ... recall=50.0% tokens=564 in_range (66.7s)
[15/48] orchestrator / glm-4.7-flash@t0.0 / s1 ... recall=80.0% tokens=544 in_range (66.4s)
[16/48] ensemble / glm-4.7-flash@t0.0 / s1 ... recall=90.0% tokens=570 in_range (50.8s)
[17/48] knowmarks / glm-4.7-flash@t0.0 / s2 ... recall=70.0% tokens=635 in_range (122.0s)
[18/48] fctry / glm-4.7-flash@t0.0 / s2 ... recall=90.0% tokens=388 under (23.8s)
[19/48] orchestrator / glm-4.7-flash@t0.0 / s2 ... recall=90.0% tokens=725 in_range (22.9s)
[20/48] ensemble / glm-4.7-flash@t0.0 / s2 ... recall=90.0% tokens=367 under (110.1s)
[21/48] knowmarks / glm-4.7-flash@t0.0 / s3 ... recall=70.0% tokens=624 in_range (82.8s)
[22/48] fctry / glm-4.7-flash@t0.0 / s3 ... recall=80.0% tokens=494 under (37.3s)
[23/48] orchestrator / glm-4.7-flash@t0.0 / s3 ... recall=90.0% tokens=860 over_target (25.9s)
[24/48] ensemble / glm-4.7-flash@t0.0 / s3 ... recall=100.0% tokens=581 in_range (76.2s)
[25/48] knowmarks / flash-lite@t0.0 / s1 ... recall=80.0% tokens=421 under (3.6s)
[26/48] fctry / flash-lite@t0.0 / s1 ... recall=90.0% tokens=7631 over_ceiling (20.7s)
[27/48] orchestrator / flash-lite@t0.0 / s1 ... recall=90.0% tokens=1596 over_ceiling (5.7s)
[28/48] ensemble / flash-lite@t0.0 / s1 ... recall=100.0% tokens=1180 over_target (4.7s)
[29/48] knowmarks / flash-lite@t0.0 / s2 ... recall=80.0% tokens=421 under (3.5s)
[30/48] fctry / flash-lite@t0.0 / s2 ... recall=90.0% tokens=7631 over_ceiling (20.5s)
[31/48] orchestrator / flash-lite@t0.0 / s2 ... recall=90.0% tokens=1596 over_ceiling (5.8s)
[32/48] ensemble / flash-lite@t0.0 / s2 ... recall=100.0% tokens=1180 over_target (4.4s)
[33/48] knowmarks / flash-lite@t0.0 / s3 ... recall=80.0% tokens=421 under (2.6s)
[34/48] fctry / flash-lite@t0.0 / s3 ... recall=80.0% tokens=4066 over_ceiling (13.4s)
[35/48] orchestrator / flash-lite@t0.0 / s3 ... recall=90.0% tokens=1596 over_ceiling (5.2s)
[36/48] ensemble / flash-lite@t0.0 / s3 ... recall=100.0% tokens=1180 over_target (4.5s)
[37/48] knowmarks / flash@t0.0 / s1 ... recall=80.0% tokens=771 in_range (6.1s)
[38/48] fctry / flash@t0.0 / s1 ... recall=50.0% tokens=865 over_target (8.5s)
[39/48] orchestrator / flash@t0.0 / s1 ... recall=100.0% tokens=927 over_target (6.0s)
[40/48] ensemble / flash@t0.0 / s1 ... recall=90.0% tokens=847 over_target (5.5s)
[41/48] knowmarks / flash@t0.0 / s2 ... recall=80.0% tokens=771 in_range (6.0s)
[42/48] fctry / flash@t0.0 / s2 ... recall=40.0% tokens=1048 over_target (11.5s)
[43/48] orchestrator / flash@t0.0 / s2 ... recall=100.0% tokens=771 in_range (3.8s)
[44/48] ensemble / flash@t0.0 / s2 ... recall=90.0% tokens=847 over_target (6.4s)
[45/48] knowmarks / flash@t0.0 / s3 ... recall=90.0% tokens=878 over_target (5.8s)
[46/48] fctry / flash@t0.0 / s3 ... recall=50.0% tokens=865 over_target (10.5s)
[47/48] orchestrator / flash@t0.0 / s3 ... recall=100.0% tokens=813 over_target (6.5s)
[48/48] ensemble / flash@t0.0 / s3 ... recall=90.0% tokens=1195 over_target (7.7s)

report → /Users/mike/Code/setlist/scripts/digest-bakeoff-results.md

Per-config recall summary:
  glm-4.7-flash@t0.2     [PROD]  recall μ=63.3% σ=39.4pp errors=3
  glm-4.7-flash@t0.0             recall μ=83.3% σ=14.4pp errors=0
  flash-lite@t0.0                recall μ=89.2% σ=7.9pp errors=0
  flash@t0.0                     recall μ=80.0% σ=21.3pp errors=0
