digest-bakeoff: 4 projects × 5 configs × 3 samples = 60 cells
projects: knowmarks, fctry, orchestrator, ensemble
configs: glm-4.7-flash@t0.2, glm-4.7-flash@t0.0, flash-lite@t0.0, flash@t0.0, glm-4.7-flash@t0.0+propernoun
--resume: existing cell JSONs will be reused
[1/60] knowmarks / glm-4.7-flash@t0.2 / s1 ... ERR (glm-4.7-flash@t0.2 returned empty content (finish=length, reasoning=27970 chars))
[2/60] fctry / glm-4.7-flash@t0.2 / s1 ... recall=80.0% tokens=500 in_range (49.5s)
[3/60] orchestrator / glm-4.7-flash@t0.2 / s1 ... recall=100.0% tokens=571 in_range (49.6s)
[4/60] ensemble / glm-4.7-flash@t0.2 / s1 ... recall=80.0% tokens=489 under (82.2s)
[5/60] knowmarks / glm-4.7-flash@t0.2 / s2 ... recall=80.0% tokens=539 in_range (103.0s)
[6/60] fctry / glm-4.7-flash@t0.2 / s2 ... recall=90.0% tokens=682 in_range (34.4s)
[7/60] orchestrator / glm-4.7-flash@t0.2 / s2 ... recall=90.0% tokens=848 over_target (72.9s)
[8/60] ensemble / glm-4.7-flash@t0.2 / s2 ... recall=90.0% tokens=352 under (122.3s)
[9/60] knowmarks / glm-4.7-flash@t0.2 / s3 ... ERR (glm-4.7-flash@t0.2 returned empty content (finish=length, reasoning=28160 chars))
[10/60] fctry / glm-4.7-flash@t0.2 / s3 ... recall=60.0% tokens=473 under (21.9s)
[11/60] orchestrator / glm-4.7-flash@t0.2 / s3 ... recall=90.0% tokens=672 in_range (67.7s)
[12/60] ensemble / glm-4.7-flash@t0.2 / s3 ... ERR (glm-4.7-flash@t0.2 returned empty content (finish=length, reasoning=28285 chars))
[13/60] knowmarks / glm-4.7-flash@t0.0 / s1 ... recall=100.0% tokens=496 under (82.0s)
[14/60] fctry / glm-4.7-flash@t0.0 / s1 ... recall=50.0% tokens=564 in_range (66.7s)
[15/60] orchestrator / glm-4.7-flash@t0.0 / s1 ... recall=80.0% tokens=544 in_range (66.4s)
[16/60] ensemble / glm-4.7-flash@t0.0 / s1 ... recall=90.0% tokens=570 in_range (50.8s)
[17/60] knowmarks / glm-4.7-flash@t0.0 / s2 ... recall=70.0% tokens=635 in_range (122.0s)
[18/60] fctry / glm-4.7-flash@t0.0 / s2 ... recall=90.0% tokens=388 under (23.8s)
[19/60] orchestrator / glm-4.7-flash@t0.0 / s2 ... recall=90.0% tokens=725 in_range (22.9s)
[20/60] ensemble / glm-4.7-flash@t0.0 / s2 ... recall=90.0% tokens=367 under (110.1s)
[21/60] knowmarks / glm-4.7-flash@t0.0 / s3 ... recall=70.0% tokens=624 in_range (82.8s)
[22/60] fctry / glm-4.7-flash@t0.0 / s3 ... recall=80.0% tokens=494 under (37.3s)
[23/60] orchestrator / glm-4.7-flash@t0.0 / s3 ... recall=90.0% tokens=860 over_target (25.9s)
[24/60] ensemble / glm-4.7-flash@t0.0 / s3 ... recall=100.0% tokens=581 in_range (76.2s)
[25/60] knowmarks / flash-lite@t0.0 / s1 ... recall=80.0% tokens=421 under (3.6s)
[26/60] fctry / flash-lite@t0.0 / s1 ... recall=90.0% tokens=7631 over_ceiling (20.7s)
[27/60] orchestrator / flash-lite@t0.0 / s1 ... recall=90.0% tokens=1596 over_ceiling (5.7s)
[28/60] ensemble / flash-lite@t0.0 / s1 ... recall=100.0% tokens=1180 over_target (4.7s)
[29/60] knowmarks / flash-lite@t0.0 / s2 ... recall=80.0% tokens=421 under (3.5s)
[30/60] fctry / flash-lite@t0.0 / s2 ... recall=90.0% tokens=7631 over_ceiling (20.5s)
[31/60] orchestrator / flash-lite@t0.0 / s2 ... recall=90.0% tokens=1596 over_ceiling (5.8s)
[32/60] ensemble / flash-lite@t0.0 / s2 ... recall=100.0% tokens=1180 over_target (4.4s)
[33/60] knowmarks / flash-lite@t0.0 / s3 ... recall=80.0% tokens=421 under (2.6s)
[34/60] fctry / flash-lite@t0.0 / s3 ... recall=80.0% tokens=4066 over_ceiling (13.4s)
[35/60] orchestrator / flash-lite@t0.0 / s3 ... recall=90.0% tokens=1596 over_ceiling (5.2s)
[36/60] ensemble / flash-lite@t0.0 / s3 ... recall=100.0% tokens=1180 over_target (4.5s)
[37/60] knowmarks / flash@t0.0 / s1 ... recall=80.0% tokens=771 in_range (6.1s)
[38/60] fctry / flash@t0.0 / s1 ... recall=50.0% tokens=865 over_target (8.5s)
[39/60] orchestrator / flash@t0.0 / s1 ... recall=100.0% tokens=927 over_target (6.0s)
[40/60] ensemble / flash@t0.0 / s1 ... recall=90.0% tokens=847 over_target (5.5s)
[41/60] knowmarks / flash@t0.0 / s2 ... recall=80.0% tokens=771 in_range (6.0s)
[42/60] fctry / flash@t0.0 / s2 ... recall=40.0% tokens=1048 over_target (11.5s)
[43/60] orchestrator / flash@t0.0 / s2 ... recall=100.0% tokens=771 in_range (3.8s)
[44/60] ensemble / flash@t0.0 / s2 ... recall=90.0% tokens=847 over_target (6.4s)
[45/60] knowmarks / flash@t0.0 / s3 ... recall=90.0% tokens=878 over_target (5.8s)
[46/60] fctry / flash@t0.0 / s3 ... recall=50.0% tokens=865 over_target (10.5s)
[47/60] orchestrator / flash@t0.0 / s3 ... recall=100.0% tokens=813 over_target (6.5s)
[48/60] ensemble / flash@t0.0 / s3 ... recall=90.0% tokens=1195 over_target (7.7s)
[49/60] knowmarks / glm-4.7-flash@t0.0+propernoun / s1 ... recall=100.0% tokens=672 in_range (120.4s)
[50/60] fctry / glm-4.7-flash@t0.0+propernoun / s1 ... recall=60.0% tokens=611 in_range (79.1s)
[51/60] orchestrator / glm-4.7-flash@t0.0+propernoun / s1 ... recall=80.0% tokens=382 under (32.2s)
[52/60] ensemble / glm-4.7-flash@t0.0+propernoun / s1 ... recall=100.0% tokens=796 in_range (49.4s)
[53/60] knowmarks / glm-4.7-flash@t0.0+propernoun / s2 ... recall=100.0% tokens=601 in_range (117.5s)
[54/60] fctry / glm-4.7-flash@t0.0+propernoun / s2 ... recall=40.0% tokens=342 under (25.1s)
[55/60] orchestrator / glm-4.7-flash@t0.0+propernoun / s2 ... recall=90.0% tokens=671 in_range (15.0s)
[56/60] ensemble / glm-4.7-flash@t0.0+propernoun / s2 ... recall=90.0% tokens=603 in_range (47.4s)
[57/60] knowmarks / glm-4.7-flash@t0.0+propernoun / s3 ... recall=100.0% tokens=666 in_range (118.1s)
[58/60] fctry / glm-4.7-flash@t0.0+propernoun / s3 ... recall=80.0% tokens=804 over_target (47.3s)
[59/60] orchestrator / glm-4.7-flash@t0.0+propernoun / s3 ... recall=80.0% tokens=655 in_range (21.1s)
[60/60] ensemble / glm-4.7-flash@t0.0+propernoun / s3 ... recall=90.0% tokens=897 over_target (33.9s)

report → /Users/mike/Code/setlist/scripts/digest-bakeoff-results.md

Per-config recall summary:
  glm-4.7-flash@t0.2     [PROD]  recall μ=63.3% σ=39.4pp errors=3
  glm-4.7-flash@t0.0             recall μ=83.3% σ=14.4pp errors=0
  flash-lite@t0.0                recall μ=89.2% σ=7.9pp errors=0
  flash@t0.0                     recall μ=80.0% σ=21.3pp errors=0
  glm-4.7-flash@t0.0+propernoun         recall μ=84.2% σ=18.3pp errors=0
